C51 COMPILER V9.56.0.0   DHT11                                                             05/28/2018 15:14:30 PAGE 1   


C51 COMPILER V9.56.0.0, COMPILATION OF MODULE DHT11
OBJECT MODULE PLACED IN .\Objects\DHT11.obj
COMPILER INVOKED BY: C:\Keil_v5\C51\BIN\C51.EXE DHT11\DHT11.C COMPACT OPTIMIZE(8,SPEED) BROWSE DEBUG OBJECTEXTEND PRINT(
                    -.\Listings\DHT11.lst) TABS(2) OBJECT(.\Objects\DHT11.obj)

line level    source

   1          #include <stc15.h>
   2          #include ".\DHT11\DHT11.h"
   3          #include <intrins.h>
   4          #include ".\systick\systick.h"
   5          
   6          #define NUM 254
   7          #define SIZE 5
   8          
   9          static unsigned char status;
  10          static unsigned char value_array[SIZE];
  11          int temp_value=0,humi_value=0;
  12          
  13          
  14          static unsigned char Dht11_ReadValue(void)
  15          {
  16   1        unsigned char count,value=0,i;
  17   1        status = OK;   //设定标志为正常状态
  18   1        for(i=0;i<8;i++)
  19   1        {
  20   2          //高位在先
  21   2          value<<=1;
  22   2          count=0;
  23   2          //每一位数据前会有一个50us的低电平时间，等待50us低电平结束
  24   2          while(dht11==0&&count++<NUM);
  25   2          if(count>=NUM)
  26   2          {
  27   3            status=ERROR;   //设定错误标志
  28   3            return 0;   //函数执行过程发生错误就退出函数
  29   3          }
  30   2          //26-28us的高电平表示该位是0，若70us高电平表示该位是1
  31   2          Delay1us(30);
  32   2          //延时30us后检测数据线是否还是高电平
  33   2          if(dht11==1)
  34   2          {
  35   3            //表示该位是1
  36   3            value++;
  37   3            //等待剩余高电平时间结束
  38   3            while(dht11==1&&count++<NUM)  dht11=1;
  39   3            if(count>=NUM)
  40   3            {
  41   4              status=ERROR;   
  42   4              return 0;   
  43   4            }     
  44   3          }   
  45   2        }
  46   1        return (value);
  47   1      }
  48          
  49          //读温度和湿度函数，读一次的数据共五字节，读出成功函数返回OK，错误返回ERROR
  50          extern unsigned char Dht11_ReadTemHumi(void)
  51          {
  52   1        unsigned char i=0,check_value=0,count=0;
  53   1      
  54   1        //拉低数据线大于18ms发送开始信号
C51 COMPILER V9.56.0.0   DHT11                                                             05/28/2018 15:14:30 PAGE 2   

  55   1        dht11=0;
  56   1        Delay1ms(20); 
  57   1        dht11=1;   //释放数据总线，用于检测低电平的应答信号
  58   1        //延时20-40us，等待一段时间后检测应答信号，应答信号是从拉低数据线80us
  59   1        Delay1us(40);
  60   1        //检测应答信号，应答信号是低电平
  61   1        if(dht11!=0)   
  62   1        {
  63   2          //无应答
  64   2          return ERROR;
  65   2        }
  66   1        else   //有应答
  67   1        {   
  68   2          while(dht11==0&&count++<NUM);   //等待应答信号结束
  69   2      
  70   2          if(count>=NUM)  //检测计数器是否超过了设定的范围
  71   2          {
  72   3            dht11=1;
  73   3            return ERROR;   //读数据出错，退出函数
  74   3          }
  75   2      
  76   2          count=0;
  77   2          dht11=1;   //释放数据总线
  78   2          //应答信号后会有一个80us的高电平，等待高电平结束
  79   2          while(dht11!=0&&count++<NUM);
  80   2          if(count>=NUM)  //检测计数器是否超过了设定的范围
  81   2          {
  82   3            dht11=1;
  83   3            count=0;
  84   3            return ERROR;   //退出函数
  85   3          }
  86   2          
  87   2          //读出湿、温度值
  88   2          for(i=0;i<SIZE;i++)
  89   2          {
  90   3            value_array[i]=Dht11_ReadValue();
  91   3            if(status==ERROR)   //调用Dht11_ReadValue()读数据出错会设定status为ERROR
  92   3            {
  93   4              dht11=1;
  94   4              return ERROR;
  95   4            }
  96   3            //读出的最后一个值是校验值，不需要加上去
  97   3            if(i!=SIZE-1)
  98   3            {
  99   4              check_value+=value_array[i];
 100   4            }
 101   3          }  
 102   2          //在没有发生函数调用失败时进行校验
 103   2          if(check_value==value_array[SIZE-1])
 104   2          {
 105   3            humi_value=value_array[0];
 106   3            temp_value=value_array[2];
 107   3            dht11=1;
 108   3            return OK;   //正确的读出dht11输出的数据
 109   3          }
 110   2          else
 111   2          {
 112   3            return ERROR;
 113   3          }
 114   2        }
 115   1      }
 116          
C51 COMPILER V9.56.0.0   DHT11                                                             05/28/2018 15:14:30 PAGE 3   

 117          
 118          
 119          
 120          
 121          
 122          
 123          
 124          


MODULE INFORMATION:   STATIC OVERLAYABLE
   CODE SIZE        =    292    ----
   CONSTANT SIZE    =   ----    ----
   XDATA SIZE       =   ----    ----
   PDATA SIZE       =     10       6
   DATA SIZE        =   ----    ----
   IDATA SIZE       =   ----    ----
   BIT SIZE         =   ----    ----
END OF MODULE INFORMATION.


C51 COMPILATION COMPLETE.  0 WARNING(S),  0 ERROR(S)
